Logfile initialized
[INFO] logfile = /Users/bennyka/Documents/Titanium_Studio_Workspace/inventory/build.log
[DEBUG] /Users/bennyka/Library/Application Support/Titanium/mobilesdk/osx/3.1.3.GA/android/builder.py install Inventory /Users/bennyka/Documents /Users/bennyka/Documents/Titanium_Studio_Workspace/inventory de.bk.inventory 13
[INFO] Titanium SDK version: 3.1.3 (09/18/13 12:00 222f4d1)
[DEBUG] Waiting for device to be ready ...
[TRACE] adb devices returned 1 devices/emulators
[DEBUG] Device connected... (waited 0 seconds)
[DEBUG] waited 0.014615 seconds on emulator to get ready
[DEBUG] de.bk.inventory installed? False
[INFO] Copying CommonJS modules...
[INFO] Copying project resources..
[INFO] Detected change in tiapp.xml, or assets deleted. Forcing full re-build...
[TRACE] COPYING CREATED FILE: /Users/bennyka/Documents/Titanium_Studio_Workspace/inventory/Resources/android/appicon.png => /Users/bennyka/Documents/Titanium_Studio_Workspace/inventory/build/android/bin/assets/Resources/appicon.png
[TRACE] COPYING CREATED FILE: /Users/bennyka/Documents/Titanium_Studio_Workspace/inventory/Resources/android/default.png => /Users/bennyka/Documents/Titanium_Studio_Workspace/inventory/build/android/bin/assets/Resources/default.png
[TRACE] COPYING CREATED FILE: /Users/bennyka/Documents/Titanium_Studio_Workspace/inventory/Resources/app.js => /Users/bennyka/Documents/Titanium_Studio_Workspace/inventory/build/android/bin/assets/Resources/app.js
[TRACE] COPYING CREATED FILE: /Users/bennyka/Documents/Titanium_Studio_Workspace/inventory/Resources/images/inventory.png => /Users/bennyka/Documents/Titanium_Studio_Workspace/inventory/build/android/bin/assets/Resources/images/inventory.png
[TRACE] COPYING CREATED FILE: /Users/bennyka/Documents/Titanium_Studio_Workspace/inventory/Resources/images/object.png => /Users/bennyka/Documents/Titanium_Studio_Workspace/inventory/build/android/bin/assets/Resources/images/object.png
[TRACE] COPYING CREATED FILE: /Users/bennyka/Documents/Titanium_Studio_Workspace/inventory/Resources/KS_nav_ui.png => /Users/bennyka/Documents/Titanium_Studio_Workspace/inventory/build/android/bin/assets/Resources/KS_nav_ui.png
[TRACE] COPYING CREATED FILE: /Users/bennyka/Documents/Titanium_Studio_Workspace/inventory/Resources/KS_nav_views.png => /Users/bennyka/Documents/Titanium_Studio_Workspace/inventory/build/android/bin/assets/Resources/KS_nav_views.png
[TRACE] COPYING CREATED FILE: /Users/bennyka/Documents/Titanium_Studio_Workspace/inventory/Resources/lib/config.js => /Users/bennyka/Documents/Titanium_Studio_Workspace/inventory/build/android/bin/assets/Resources/lib/config.js
[TRACE] COPYING CREATED FILE: /Users/bennyka/Documents/Titanium_Studio_Workspace/inventory/Resources/lib/createButton.js => /Users/bennyka/Documents/Titanium_Studio_Workspace/inventory/build/android/bin/assets/Resources/lib/createButton.js
[TRACE] COPYING CREATED FILE: /Users/bennyka/Documents/Titanium_Studio_Workspace/inventory/Resources/lib/styles.js => /Users/bennyka/Documents/Titanium_Studio_Workspace/inventory/build/android/bin/assets/Resources/lib/styles.js
[TRACE] COPYING CREATED FILE: /Users/bennyka/Documents/Titanium_Studio_Workspace/inventory/Resources/lib/toolbar.js => /Users/bennyka/Documents/Titanium_Studio_Workspace/inventory/build/android/bin/assets/Resources/lib/toolbar.js
[TRACE] COPYING CREATED FILE: /Users/bennyka/Documents/Titanium_Studio_Workspace/inventory/Resources/ui/common/InventoryView.js => /Users/bennyka/Documents/Titanium_Studio_Workspace/inventory/build/android/bin/assets/Resources/ui/common/InventoryView.js
[TRACE] COPYING CREATED FILE: /Users/bennyka/Documents/Titanium_Studio_Workspace/inventory/Resources/ui/common/ObjectView.js => /Users/bennyka/Documents/Titanium_Studio_Workspace/inventory/build/android/bin/assets/Resources/ui/common/ObjectView.js
[TRACE] COPYING CREATED FILE: /Users/bennyka/Documents/Titanium_Studio_Workspace/inventory/Resources/ui/common/SplashView.js => /Users/bennyka/Documents/Titanium_Studio_Workspace/inventory/build/android/bin/assets/Resources/ui/common/SplashView.js
[TRACE] COPYING CREATED FILE: /Users/bennyka/Documents/Titanium_Studio_Workspace/inventory/Resources/ui/common/StartView.js => /Users/bennyka/Documents/Titanium_Studio_Workspace/inventory/build/android/bin/assets/Resources/ui/common/StartView.js
[TRACE] COPYING CREATED FILE: /Users/bennyka/Documents/Titanium_Studio_Workspace/inventory/Resources/ui/handheld/android/InventoryWindow.js => /Users/bennyka/Documents/Titanium_Studio_Workspace/inventory/build/android/bin/assets/Resources/ui/handheld/android/InventoryWindow.js
[TRACE] COPYING CREATED FILE: /Users/bennyka/Documents/Titanium_Studio_Workspace/inventory/Resources/ui/handheld/android/ObjectWindow.js => /Users/bennyka/Documents/Titanium_Studio_Workspace/inventory/build/android/bin/assets/Resources/ui/handheld/android/ObjectWindow.js
[TRACE] COPYING CREATED FILE: /Users/bennyka/Documents/Titanium_Studio_Workspace/inventory/Resources/ui/handheld/android/SplashWindow.js => /Users/bennyka/Documents/Titanium_Studio_Workspace/inventory/build/android/bin/assets/Resources/ui/handheld/android/SplashWindow.js
[TRACE] COPYING CREATED FILE: /Users/bennyka/Documents/Titanium_Studio_Workspace/inventory/Resources/ui/handheld/android/StartWindow.js => /Users/bennyka/Documents/Titanium_Studio_Workspace/inventory/build/android/bin/assets/Resources/ui/handheld/android/StartWindow.js
[TRACE] COPYING CREATED FILE: /Users/bennyka/Documents/Titanium_Studio_Workspace/inventory/Resources/ui/handheld/ios/InventoryWindow.js => /Users/bennyka/Documents/Titanium_Studio_Workspace/inventory/build/android/bin/assets/Resources/ui/handheld/ios/InventoryWindow.js
[TRACE] COPYING CREATED FILE: /Users/bennyka/Documents/Titanium_Studio_Workspace/inventory/Resources/ui/handheld/ios/ObjectWindow.js => /Users/bennyka/Documents/Titanium_Studio_Workspace/inventory/build/android/bin/assets/Resources/ui/handheld/ios/ObjectWindow.js
[TRACE] COPYING CREATED FILE: /Users/bennyka/Documents/Titanium_Studio_Workspace/inventory/Resources/ui/handheld/ios/SplashWindow.js => /Users/bennyka/Documents/Titanium_Studio_Workspace/inventory/build/android/bin/assets/Resources/ui/handheld/ios/SplashWindow.js
[TRACE] COPYING CREATED FILE: /Users/bennyka/Documents/Titanium_Studio_Workspace/inventory/Resources/ui/handheld/ios/StartWindow.js => /Users/bennyka/Documents/Titanium_Studio_Workspace/inventory/build/android/bin/assets/Resources/ui/handheld/ios/StartWindow.js
[TRACE] COPYING CREATED FILE: /Users/bennyka/Documents/Titanium_Studio_Workspace/inventory/Resources/ui/tablet/android/InventoryWindow.js => /Users/bennyka/Documents/Titanium_Studio_Workspace/inventory/build/android/bin/assets/Resources/ui/tablet/android/InventoryWindow.js
[TRACE] COPYING CREATED FILE: /Users/bennyka/Documents/Titanium_Studio_Workspace/inventory/Resources/ui/tablet/android/ObjectWindow.js => /Users/bennyka/Documents/Titanium_Studio_Workspace/inventory/build/android/bin/assets/Resources/ui/tablet/android/ObjectWindow.js
[TRACE] COPYING CREATED FILE: /Users/bennyka/Documents/Titanium_Studio_Workspace/inventory/Resources/ui/tablet/android/SplashWindow.js => /Users/bennyka/Documents/Titanium_Studio_Workspace/inventory/build/android/bin/assets/Resources/ui/tablet/android/SplashWindow.js
[TRACE] COPYING CREATED FILE: /Users/bennyka/Documents/Titanium_Studio_Workspace/inventory/Resources/ui/tablet/android/StartWindow.js => /Users/bennyka/Documents/Titanium_Studio_Workspace/inventory/build/android/bin/assets/Resources/ui/tablet/android/StartWindow.js
[TRACE] COPYING CREATED FILE: /Users/bennyka/Documents/Titanium_Studio_Workspace/inventory/Resources/ui/tablet/ios/InventoryWindow.js => /Users/bennyka/Documents/Titanium_Studio_Workspace/inventory/build/android/bin/assets/Resources/ui/tablet/ios/InventoryWindow.js
[TRACE] COPYING CREATED FILE: /Users/bennyka/Documents/Titanium_Studio_Workspace/inventory/Resources/ui/tablet/ios/ObjectWindow.js => /Users/bennyka/Documents/Titanium_Studio_Workspace/inventory/build/android/bin/assets/Resources/ui/tablet/ios/ObjectWindow.js
[TRACE] COPYING CREATED FILE: /Users/bennyka/Documents/Titanium_Studio_Workspace/inventory/Resources/ui/tablet/ios/SplashWindow.js => /Users/bennyka/Documents/Titanium_Studio_Workspace/inventory/build/android/bin/assets/Resources/ui/tablet/ios/SplashWindow.js
[TRACE] COPYING CREATED FILE: /Users/bennyka/Documents/Titanium_Studio_Workspace/inventory/Resources/ui/tablet/ios/StartWindow.js => /Users/bennyka/Documents/Titanium_Studio_Workspace/inventory/build/android/bin/assets/Resources/ui/tablet/ios/StartWindow.js
[DEBUG] LiveView not enabled
[TRACE] Generating Java Classes
[DEBUG] Processing Android resource drawables
[DEBUG] app stylesheet => /Users/bennyka/Documents/Titanium_Studio_Workspace/inventory/build/android/gen/de/bk/inventory/ApplicationStylesheet.java
[DEBUG] copying app icon: /Users/bennyka/Documents/Titanium_Studio_Workspace/inventory/build/android/bin/assets/Resources/appicon.png
[DEBUG] generating theme.xml
[DEBUG] found drawable-long-land-hdpi splash screen at /Users/bennyka/Documents/Titanium_Studio_Workspace/inventory/Resources/android/images/res-long-land-hdpi/default.png
[DEBUG] copying /Users/bennyka/Documents/Titanium_Studio_Workspace/inventory/Resources/android/images/res-long-land-hdpi/default.png splash screen to /Users/bennyka/Documents/Titanium_Studio_Workspace/inventory/build/android/res/drawable-long-land-hdpi/background.png
[DEBUG] found drawable-long-land-ldpi splash screen at /Users/bennyka/Documents/Titanium_Studio_Workspace/inventory/Resources/android/images/res-long-land-ldpi/default.png
[DEBUG] copying /Users/bennyka/Documents/Titanium_Studio_Workspace/inventory/Resources/android/images/res-long-land-ldpi/default.png splash screen to /Users/bennyka/Documents/Titanium_Studio_Workspace/inventory/build/android/res/drawable-long-land-ldpi/background.png
[DEBUG] found drawable-long-port-hdpi splash screen at /Users/bennyka/Documents/Titanium_Studio_Workspace/inventory/Resources/android/images/res-long-port-hdpi/default.png
[DEBUG] copying /Users/bennyka/Documents/Titanium_Studio_Workspace/inventory/Resources/android/images/res-long-port-hdpi/default.png splash screen to /Users/bennyka/Documents/Titanium_Studio_Workspace/inventory/build/android/res/drawable-long-port-hdpi/background.png
[DEBUG] found drawable-long-port-ldpi splash screen at /Users/bennyka/Documents/Titanium_Studio_Workspace/inventory/Resources/android/images/res-long-port-ldpi/default.png
[DEBUG] copying /Users/bennyka/Documents/Titanium_Studio_Workspace/inventory/Resources/android/images/res-long-port-ldpi/default.png splash screen to /Users/bennyka/Documents/Titanium_Studio_Workspace/inventory/build/android/res/drawable-long-port-ldpi/background.png
[DEBUG] found drawable-notlong-land-hdpi splash screen at /Users/bennyka/Documents/Titanium_Studio_Workspace/inventory/Resources/android/images/res-notlong-land-hdpi/default.png
[DEBUG] copying /Users/bennyka/Documents/Titanium_Studio_Workspace/inventory/Resources/android/images/res-notlong-land-hdpi/default.png splash screen to /Users/bennyka/Documents/Titanium_Studio_Workspace/inventory/build/android/res/drawable-notlong-land-hdpi/background.png
[DEBUG] found drawable-notlong-land-ldpi splash screen at /Users/bennyka/Documents/Titanium_Studio_Workspace/inventory/Resources/android/images/res-notlong-land-ldpi/default.png
[DEBUG] copying /Users/bennyka/Documents/Titanium_Studio_Workspace/inventory/Resources/android/images/res-notlong-land-ldpi/default.png splash screen to /Users/bennyka/Documents/Titanium_Studio_Workspace/inventory/build/android/res/drawable-notlong-land-ldpi/background.png
[DEBUG] found drawable-notlong-land-mdpi splash screen at /Users/bennyka/Documents/Titanium_Studio_Workspace/inventory/Resources/android/images/res-notlong-land-mdpi/default.png
[DEBUG] copying /Users/bennyka/Documents/Titanium_Studio_Workspace/inventory/Resources/android/images/res-notlong-land-mdpi/default.png splash screen to /Users/bennyka/Documents/Titanium_Studio_Workspace/inventory/build/android/res/drawable-notlong-land-mdpi/background.png
[DEBUG] found drawable-notlong-port-hdpi splash screen at /Users/bennyka/Documents/Titanium_Studio_Workspace/inventory/Resources/android/images/res-notlong-port-hdpi/default.png
[DEBUG] copying /Users/bennyka/Documents/Titanium_Studio_Workspace/inventory/Resources/android/images/res-notlong-port-hdpi/default.png splash screen to /Users/bennyka/Documents/Titanium_Studio_Workspace/inventory/build/android/res/drawable-notlong-port-hdpi/background.png
[DEBUG] found drawable-notlong-port-ldpi splash screen at /Users/bennyka/Documents/Titanium_Studio_Workspace/inventory/Resources/android/images/res-notlong-port-ldpi/default.png
[DEBUG] copying /Users/bennyka/Documents/Titanium_Studio_Workspace/inventory/Resources/android/images/res-notlong-port-ldpi/default.png splash screen to /Users/bennyka/Documents/Titanium_Studio_Workspace/inventory/build/android/res/drawable-notlong-port-ldpi/background.png
[DEBUG] found drawable-notlong-port-mdpi splash screen at /Users/bennyka/Documents/Titanium_Studio_Workspace/inventory/Resources/android/images/res-notlong-port-mdpi/default.png
[DEBUG] copying /Users/bennyka/Documents/Titanium_Studio_Workspace/inventory/Resources/android/images/res-notlong-port-mdpi/default.png splash screen to /Users/bennyka/Documents/Titanium_Studio_Workspace/inventory/build/android/res/drawable-notlong-port-mdpi/background.png
[DEBUG] found splash screen at /Users/bennyka/Documents/Titanium_Studio_Workspace/inventory/build/android/bin/assets/Resources/default.png
[TRACE] Writing out AndroidManifest.xml
[DEBUG] adding /Users/bennyka/Documents/Titanium_Studio_Workspace/inventory/build/android/gen/de/bk/inventory/ApplicationStylesheet.java to javac build list
[DEBUG] adding /Users/bennyka/Documents/Titanium_Studio_Workspace/inventory/build/android/gen/de/bk/inventory/InventoryActivity.java to javac build list
[DEBUG] adding /Users/bennyka/Documents/Titanium_Studio_Workspace/inventory/build/android/gen/de/bk/inventory/InventoryAppInfo.java to javac build list
[DEBUG] adding /Users/bennyka/Documents/Titanium_Studio_Workspace/inventory/build/android/gen/de/bk/inventory/InventoryApplication.java to javac build list
[DEBUG] adding /Users/bennyka/Documents/Titanium_Studio_Workspace/inventory/build/android/gen/de/bk/inventory/R.java to javac build list
[DEBUG] Building Java Sources: "/Users/bennyka/Documents/Titanium_Studio_Workspace/inventory/build/android/gen/de/bk/inventory/ApplicationStylesheet.java" "/Users/bennyka/Documents/Titanium_Studio_Workspace/inventory/build/android/gen/de/bk/inventory/InventoryActivity.java" "/Users/bennyka/Documents/Titanium_Studio_Workspace/inventory/build/android/gen/de/bk/inventory/InventoryAppInfo.java" "/Users/bennyka/Documents/Titanium_Studio_Workspace/inventory/build/android/gen/de/bk/inventory/InventoryApplication.java" "/Users/bennyka/Documents/Titanium_Studio_Workspace/inventory/build/android/gen/de/bk/inventory/R.java"
[INFO] Compiling Android Resources... This could take some time
[DEBUG] Android classes.dex built
[DEBUG] creating unsigned apk: /Users/bennyka/Documents/Titanium_Studio_Workspace/inventory/build/android/bin/app-unsigned.apk
[DEBUG] from resource zip => assets/Resources/images/inventory.png
[DEBUG] from resource zip => assets/Resources/images/object.png
[DEBUG] from resource zip => assets/Resources/lib/config.js
[DEBUG] from resource zip => assets/Resources/lib/createButton.js
[DEBUG] from resource zip => assets/Resources/lib/styles.js
[DEBUG] from resource zip => assets/Resources/lib/toolbar.js
[DEBUG] from resource zip => assets/Resources/ui/common/InventoryView.js
[DEBUG] from resource zip => assets/Resources/ui/common/ObjectView.js
[DEBUG] from resource zip => assets/Resources/ui/common/SplashView.js
[DEBUG] from resource zip => assets/Resources/ui/common/StartView.js
[DEBUG] from resource zip => assets/Resources/ui/handheld/android/InventoryWindow.js
[DEBUG] from resource zip => assets/Resources/ui/handheld/android/ObjectWindow.js
[DEBUG] from resource zip => assets/Resources/ui/handheld/android/SplashWindow.js
[DEBUG] from resource zip => assets/Resources/ui/handheld/android/StartWindow.js
[DEBUG] from resource zip => assets/Resources/ui/handheld/ios/InventoryWindow.js
[DEBUG] from resource zip => assets/Resources/ui/handheld/ios/ObjectWindow.js
[DEBUG] from resource zip => assets/Resources/ui/handheld/ios/SplashWindow.js
[DEBUG] from resource zip => assets/Resources/ui/handheld/ios/StartWindow.js
[DEBUG] from resource zip => assets/Resources/ui/tablet/android/InventoryWindow.js
[DEBUG] from resource zip => assets/Resources/ui/tablet/android/ObjectWindow.js
[DEBUG] from resource zip => assets/Resources/ui/tablet/android/SplashWindow.js
[DEBUG] from resource zip => assets/Resources/ui/tablet/android/StartWindow.js
[DEBUG] from resource zip => assets/Resources/ui/tablet/ios/InventoryWindow.js
[DEBUG] from resource zip => assets/Resources/ui/tablet/ios/ObjectWindow.js
[DEBUG] from resource zip => assets/Resources/ui/tablet/ios/SplashWindow.js
[DEBUG] from resource zip => assets/Resources/ui/tablet/ios/StartWindow.js
[DEBUG] from resource zip => assets/Resources/KS_nav_ui.png
[DEBUG] from resource zip => assets/Resources/KS_nav_views.png
[DEBUG] from resource zip => assets/Resources/app.js
[DEBUG] from resource zip => assets/Resources/appicon.png
[DEBUG] from resource zip => assets/Resources/default.png
[DEBUG] from resource zip => assets/app.json
[DEBUG] from resource zip => assets/index.json
[DEBUG] from resource zip => res/drawable/appicon.png
[DEBUG] from resource zip => res/drawable/background.png
[DEBUG] from resource zip => res/drawable/btn_check_buttonless_on_64.png
[DEBUG] from resource zip => res/drawable/btn_more_64.png
[DEBUG] from resource zip => res/drawable/disclosure_64.png
[DEBUG] from resource zip => res/layout/titanium_tabgroup.xml
[DEBUG] from resource zip => res/layout/titanium_ui_list_header_or_footer.xml
[DEBUG] from resource zip => res/layout/titanium_ui_list_item.xml
[DEBUG] from resource zip => AndroidManifest.xml
[DEBUG] from resource zip => resources.arsc
[DEBUG] from resource zip => res/drawable-long-land-hdpi/background.png
[DEBUG] from resource zip => res/drawable-long-land-ldpi/background.png
[DEBUG] from resource zip => res/drawable-long-port-hdpi/background.png
[DEBUG] from resource zip => res/drawable-long-port-ldpi/background.png
[DEBUG] from resource zip => res/drawable-notlong-land-hdpi/background.png
[DEBUG] from resource zip => res/drawable-notlong-land-ldpi/background.png
[DEBUG] from resource zip => res/drawable-notlong-land-mdpi/background.png
[DEBUG] from resource zip => res/drawable-notlong-port-hdpi/background.png
[DEBUG] from resource zip => res/drawable-notlong-port-ldpi/background.png
[DEBUG] from resource zip => res/drawable-notlong-port-mdpi/background.png
[DEBUG] from JAR /Users/bennyka/Library/Application Support/Titanium/mobilesdk/osx/3.1.3.GA/android/modules/titanium-ui.jar => ti/modules/titanium/ui/widget/webview/binding.js
[DEBUG] from JAR /Users/bennyka/Library/Application Support/Titanium/mobilesdk/osx/3.1.3.GA/android/modules/titanium-ui.jar => ti/modules/titanium/ui/widget/webview/binding.min.js
[DEBUG] from JAR /Users/bennyka/Library/Application Support/Titanium/mobilesdk/osx/3.1.3.GA/android/modules/titanium-ui.jar => ti/modules/titanium/ui/widget/webview/json2.js
[DEBUG] from JAR /Users/bennyka/Library/Application Support/Titanium/mobilesdk/osx/3.1.3.GA/android/modules/titanium-ui.jar => ti/modules/titanium/ui/widget/webview/polling.js
[DEBUG] from JAR /Users/bennyka/Library/Application Support/Titanium/mobilesdk/osx/3.1.3.GA/android/modules/titanium-ui.jar => ti/modules/titanium/ui/widget/webview/polling.min.js
[DEBUG] from JAR /Users/bennyka/Library/Application Support/Titanium/mobilesdk/osx/3.1.3.GA/android/titanium.jar => org/appcelerator/titanium/build.properties
[DEBUG] from JAR /Users/bennyka/Library/Application Support/Titanium/mobilesdk/osx/3.1.3.GA/android/titanium.jar => org/appcelerator/titanium/res/drawable/background.png
[DEBUG] from JAR /Users/bennyka/Library/Application Support/Titanium/mobilesdk/osx/3.1.3.GA/android/titanium.jar => org/appcelerator/titanium/res/drawable/btn_check_buttonless_on.png
[DEBUG] from JAR /Users/bennyka/Library/Application Support/Titanium/mobilesdk/osx/3.1.3.GA/android/titanium.jar => org/appcelerator/titanium/res/drawable/btn_check_buttonless_on_18.png
[DEBUG] from JAR /Users/bennyka/Library/Application Support/Titanium/mobilesdk/osx/3.1.3.GA/android/titanium.jar => org/appcelerator/titanium/res/drawable/btn_check_buttonless_on_48.png
[DEBUG] from JAR /Users/bennyka/Library/Application Support/Titanium/mobilesdk/osx/3.1.3.GA/android/titanium.jar => org/appcelerator/titanium/res/drawable/btn_check_buttonless_on_64.png
[DEBUG] from JAR /Users/bennyka/Library/Application Support/Titanium/mobilesdk/osx/3.1.3.GA/android/titanium.jar => org/appcelerator/titanium/res/drawable/btn_more.png
[DEBUG] from JAR /Users/bennyka/Library/Application Support/Titanium/mobilesdk/osx/3.1.3.GA/android/titanium.jar => org/appcelerator/titanium/res/drawable/btn_more_18.png
[DEBUG] from JAR /Users/bennyka/Library/Application Support/Titanium/mobilesdk/osx/3.1.3.GA/android/titanium.jar => org/appcelerator/titanium/res/drawable/btn_more_48.png
[DEBUG] from JAR /Users/bennyka/Library/Application Support/Titanium/mobilesdk/osx/3.1.3.GA/android/titanium.jar => org/appcelerator/titanium/res/drawable/btn_more_64.png
[DEBUG] from JAR /Users/bennyka/Library/Application Support/Titanium/mobilesdk/osx/3.1.3.GA/android/titanium.jar => org/appcelerator/titanium/res/drawable/btn_picker_normal.9.png
[DEBUG] from JAR /Users/bennyka/Library/Application Support/Titanium/mobilesdk/osx/3.1.3.GA/android/titanium.jar => org/appcelerator/titanium/res/drawable/btn_picker_pressed.9.png
[DEBUG] from JAR /Users/bennyka/Library/Application Support/Titanium/mobilesdk/osx/3.1.3.GA/android/titanium.jar => org/appcelerator/titanium/res/drawable/btn_picker_selected.9.png
[DEBUG] from JAR /Users/bennyka/Library/Application Support/Titanium/mobilesdk/osx/3.1.3.GA/android/titanium.jar => org/appcelerator/titanium/res/drawable/default_icon.png
[DEBUG] from JAR /Users/bennyka/Library/Application Support/Titanium/mobilesdk/osx/3.1.3.GA/android/titanium.jar => org/appcelerator/titanium/res/drawable/photoDefault.png
[DEBUG] installing native lib: /Users/bennyka/Library/Application Support/Titanium/modules/android/fh.imagefactory/1.0/libs/armeabi/libfh.imagefactory.so
[DEBUG] installing native lib: /Users/bennyka/Library/Application Support/Titanium/modules/android/fh.imagefactory/1.0/libs/armeabi-v7a/libfh.imagefactory.so
[DEBUG] installing native lib: /Users/bennyka/Library/Application Support/Titanium/modules/android/fh.imagefactory/1.0/libs/x86/libfh.imagefactory.so
[DEBUG] installing native SDK libs
[DEBUG] Waiting for device to be ready ...
[TRACE] adb devices returned 1 devices/emulators
[DEBUG] Device connected... (waited 0 seconds)
[DEBUG] waited 0.015475 seconds on emulator to get ready
[INFO] Installing application on device
[INFO] Application installed. Launch from drawer on Home Screen
